<?xml version="1.0" encoding="UTF-8"?>
<!-- Generated by org.testng.reporters.JUnitReportReporter -->
<testsuite hostname="DELL-PC" name="com.testng.chrome.Chrome" tests="1" failures="0" timestamp="24 Dec 2016 13:22:34 GMT" time="38.862" errors="0">
  <testcase name="GoogleChrome" time="38.862" classname="com.testng.chrome.Chrome"/>
</testsuite> <!-- com.testng.chrome.Chrome -->
